<?xml version="1.0" encoding="UTF-8"?>
<coverage generated="1790198961536" clover="3.2.0">
  <project timestamp="1790198961536" name="All files">
    <metrics statements="24" coveredstatements="24" conditionals="14" coveredconditionals="14" methods="8" coveredmethods="8" elements="46" coveredelements="46" complexity="0" loc="24" ncloc="24" packages="1" files="2" classes="2"/>
    <file name="correcao.ts" path="C:\Users\Eduardo Fernandes\simulado-backend\src\domain\correcao.ts">
      <metrics statements="19" coveredstatements="19" conditionals="8" coveredconditionals="8" methods="7" coveredmethods="7"/>
      <line num="35" count="24" type="stmt"/>
      <line num="37" count="1" type="stmt"/>
      <line num="38" count="7" type="cond" truecount="2" falsecount="0"/>
      <line num="40" count="6" type="stmt"/>
      <line num="41" count="11" type="stmt"/>
      <line num="44" count="6" type="stmt"/>
      <line num="45" count="23" type="cond" truecount="2" falsecount="0"/>
      <line num="46" count="23" type="stmt"/>
      <line num="49" count="23" type="stmt"/>
      <line num="50" count="6" type="stmt"/>
      <line num="52" count="6" type="stmt"/>
      <line num="54" count="6" type="stmt"/>
      <line num="55" count="23" type="stmt"/>
      <line num="56" count="23" type="cond" truecount="2" falsecount="0"/>
      <line num="63" count="23" type="stmt"/>
      <line num="64" count="23" type="cond" truecount="2" falsecount="0"/>
      <line num="65" count="23" type="stmt"/>
      <line num="68" count="18" type="stmt"/>
      <line num="73" count="6" type="stmt"/>
    </file>
    <file name="desempenho.ts" path="C:\Users\Eduardo Fernandes\simulado-backend\src\domain\desempenho.ts">
      <metrics statements="5" coveredstatements="5" conditionals="6" coveredconditionals="6" methods="1" coveredmethods="1"/>
      <line num="1" count="1" type="stmt"/>
      <line num="8" count="1" type="cond" truecount="1" falsecount="0"/>
      <line num="9" count="10" type="cond" truecount="5" falsecount="0"/>
      <line num="10" count="4" type="stmt"/>
      <line num="12" count="6" type="stmt"/>
    </file>
  </project>
</coverage>
