{"C:\\Users\\Eduardo Fernandes\\simulado-backend\\src\\app.ts": {"path":"C:\\Users\\Eduardo Fernandes\\simulado-backend\\src\\app.ts","statementMap":{"0":{"start":{"line":11,"column":0},"end":{"line":11,"column":16}},"1":{"start":{"line":1,"column":0},"end":{"line":1,"column":30}},"2":{"start":{"line":2,"column":0},"end":{"line":2,"column":24}},"3":{"start":{"line":3,"column":0},"end":{"line":3,"column":28}},"4":{"start":{"line":4,"column":0},"end":{"line":4,"column":34}},"5":{"start":{"line":5,"column":0},"end":{"line":5,"column":48}},"6":{"start":{"line":6,"column":0},"end":{"line":6,"column":49}},"7":{"start":{"line":7,"column":0},"end":{"line":7,"column":53}},"8":{"start":{"line":8,"column":0},"end":{"line":8,"column":55}},"9":{"start":{"line":9,"column":0},"end":{"line":9,"column":53}},"10":{"start":{"line":12,"column":14},"end":{"line":12,"column":23}},"11":{"start":{"line":14,"column":2},"end":{"line":14,"column":20}},"12":{"start":{"line":15,"column":2},"end":{"line":15,"column":81}},"13":{"start":{"line":15,"column":67},"end":{"line":15,"column":75}},"14":{"start":{"line":16,"column":2},"end":{"line":16,"column":44}},"15":{"start":{"line":18,"column":2},"end":{"line":20,"column":5}},"16":{"start":{"line":19,"column":4},"end":{"line":19,"column":63}},"17":{"start":{"line":22,"column":2},"end":{"line":25,"column":5}},"18":{"start":{"line":23,"column":14},"end":{"line":23,"column":24}},"19":{"start":{"line":24,"column":4},"end":{"line":24,"column":97}},"20":{"start":{"line":27,"column":2},"end":{"line":27,"column":41}},"21":{"start":{"line":28,"column":2},"end":{"line":28,"column":43}},"22":{"start":{"line":29,"column":2},"end":{"line":29,"column":41}},"23":{"start":{"line":31,"column":2},"end":{"line":31,"column":23}},"24":{"start":{"line":32,"column":2},"end":{"line":32,"column":13}}},"fnMap":{"0":{"name":"criarApp","decl":{"start":{"line":11,"column":16},"end":{"line":11,"column":24}},"loc":{"start":{"line":11,"column":24},"end":{"line":33,"column":1}}},"1":{"name":"(anonymous_2)","decl":{"start":{"line":15,"column":60},"end":{"line":15,"column":61}},"loc":{"start":{"line":15,"column":67},"end":{"line":15,"column":75}}},"2":{"name":"(anonymous_3)","decl":{"start":{"line":18,"column":21},"end":{"line":18,"column":22}},"loc":{"start":{"line":18,"column":35},"end":{"line":20,"column":3}}},"3":{"name":"(anonymous_4)","decl":{"start":{"line":22,"column":30},"end":{"line":22,"column":31}},"loc":{"start":{"line":22,"column":43},"end":{"line":25,"column":3}}}},"branchMap":{},"s":{"0":1,"1":1,"2":1,"3":1,"4":1,"5":1,"6":1,"7":1,"8":1,"9":1,"10":6,"11":6,"12":6,"13":6,"14":6,"15":6,"16":0,"17":6,"18":0,"19":0,"20":6,"21":6,"22":6,"23":6,"24":6},"f":{"0":6,"1":6,"2":0,"3":0},"b":{}}
,"C:\\Users\\Eduardo Fernandes\\simulado-backend\\src\\contracts.ts": {"path":"C:\\Users\\Eduardo Fernandes\\simulado-backend\\src\\contracts.ts","statementMap":{"0":{"start":{"line":1,"column":0},"end":{"line":1,"column":24}},"1":{"start":{"line":3,"column":13},"end":{"line":3,"column":42}},"2":{"start":{"line":4,"column":13},"end":{"line":4,"column":61}},"3":{"start":{"line":6,"column":13},"end":{"line":12,"column":3}},"4":{"start":{"line":14,"column":13},"end":{"line":20,"column":3}},"5":{"start":{"line":21,"column":13},"end":{"line":21,"column":66}},"6":{"start":{"line":23,"column":13},"end":{"line":29,"column":3}},"7":{"start":{"line":31,"column":13},"end":{"line":36,"column":3}},"8":{"start":{"line":38,"column":13},"end":{"line":40,"column":3}},"9":{"start":{"line":42,"column":13},"end":{"line":48,"column":3}},"10":{"start":{"line":50,"column":13},"end":{"line":58,"column":3}},"11":{"start":{"line":60,"column":13},"end":{"line":66,"column":3}},"12":{"start":{"line":67,"column":13},"end":{"line":67,"column":60}},"13":{"start":{"line":69,"column":13},"end":{"line":77,"column":3}},"14":{"start":{"line":78,"column":13},"end":{"line":78,"column":65}}},"fnMap":{},"branchMap":{},"s":{"0":1,"1":1,"2":1,"3":1,"4":1,"5":1,"6":1,"7":1,"8":1,"9":1,"10":1,"11":1,"12":1,"13":1,"14":1},"f":{},"b":{}}
,"C:\\Users\\Eduardo Fernandes\\simulado-backend\\src\\domain\\correcao.ts": {"path":"C:\\Users\\Eduardo Fernandes\\simulado-backend\\src\\domain\\correcao.ts","statementMap":{"0":{"start":{"line":37,"column":0},"end":{"line":37,"column":16}},"1":{"start":{"line":35,"column":19},"end":{"line":35,"column":59}},"2":{"start":{"line":35,"column":34},"end":{"line":35,"column":59}},"3":{"start":{"line":38,"column":2},"end":{"line":38,"column":85}},"4":{"start":{"line":38,"column":29},"end":{"line":38,"column":85}},"5":{"start":{"line":40,"column":21},"end":{"line":41,"column":null}},"6":{"start":{"line":41,"column":43},"end":{"line":41,"column":92}},"7":{"start":{"line":44,"column":33},"end":{"line":47,"column":4}},"8":{"start":{"line":45,"column":22},"end":{"line":45,"column":57}},"9":{"start":{"line":46,"column":4},"end":{"line":46,"column":97}},"10":{"start":{"line":49,"column":18},"end":{"line":49,"column":55}},"11":{"start":{"line":49,"column":38},"end":{"line":49,"column":47}},"12":{"start":{"line":50,"column":16},"end":{"line":50,"column":31}},"13":{"start":{"line":52,"column":17},"end":{"line":52,"column":52}},"14":{"start":{"line":54,"column":2},"end":{"line":66,"column":5}},"15":{"start":{"line":55,"column":18},"end":{"line":55,"column":48}},"16":{"start":{"line":56,"column":18},"end":{"line":62,"column":6}},"17":{"start":{"line":63,"column":4},"end":{"line":63,"column":21}},"18":{"start":{"line":64,"column":4},"end":{"line":64,"column":47}},"19":{"start":{"line":64,"column":28},"end":{"line":64,"column":47}},"20":{"start":{"line":65,"column":4},"end":{"line":65,"column":29}},"21":{"start":{"line":68,"column":20},"end":{"line":71,"column":5}},"22":{"start":{"line":68,"column":53},"end":{"line":71,"column":4}},"23":{"start":{"line":73,"column":2},"end":{"line":73,"column":89}}},"fnMap":{"0":{"name":"(anonymous_0)","decl":{"start":{"line":35,"column":19},"end":{"line":35,"column":20}},"loc":{"start":{"line":35,"column":34},"end":{"line":35,"column":59}}},"1":{"name":"corrigir","decl":{"start":{"line":37,"column":16},"end":{"line":37,"column":24}},"loc":{"start":{"line":37,"column":77},"end":{"line":74,"column":1}}},"2":{"name":"(anonymous_2)","decl":{"start":{"line":41,"column":18},"end":{"line":41,"column":19}},"loc":{"start":{"line":41,"column":43},"end":{"line":41,"column":92}}},"3":{"name":"(anonymous_3)","decl":{"start":{"line":44,"column":46},"end":{"line":44,"column":47}},"loc":{"start":{"line":44,"column":52},"end":{"line":47,"column":3}}},"4":{"name":"(anonymous_4)","decl":{"start":{"line":49,"column":31},"end":{"line":49,"column":32}},"loc":{"start":{"line":49,"column":38},"end":{"line":49,"column":47}}},"5":{"name":"(anonymous_5)","decl":{"start":{"line":54,"column":19},"end":{"line":54,"column":20}},"loc":{"start":{"line":54,"column":30},"end":{"line":66,"column":3}}},"6":{"name":"(anonymous_6)","decl":{"start":{"line":68,"column":45},"end":{"line":68,"column":46}},"loc":{"start":{"line":68,"column":53},"end":{"line":71,"column":4}}}},"branchMap":{"0":{"loc":{"start":{"line":38,"column":2},"end":{"line":38,"column":85}},"type":"if","locations":[{"start":{"line":38,"column":2},"end":{"line":38,"column":85}},{"start":{},"end":{}}]},"1":{"loc":{"start":{"line":45,"column":22},"end":{"line":45,"column":57}},"type":"binary-expr","locations":[{"start":{"line":45,"column":22},"end":{"line":45,"column":49}},{"start":{"line":45,"column":53},"end":{"line":45,"column":57}}]},"2":{"loc":{"start":{"line":56,"column":18},"end":{"line":62,"column":6}},"type":"binary-expr","locations":[{"start":{"line":56,"column":18},"end":{"line":56,"column":35}},{"start":{"line":56,"column":39},"end":{"line":62,"column":6}}]},"3":{"loc":{"start":{"line":64,"column":4},"end":{"line":64,"column":47}},"type":"if","locations":[{"start":{"line":64,"column":4},"end":{"line":64,"column":47}},{"start":{},"end":{}}]}},"s":{"0":2,"1":2,"2":30,"3":9,"4":1,"5":8,"6":15,"7":8,"8":27,"9":27,"10":8,"11":27,"12":8,"13":8,"14":8,"15":27,"16":27,"17":27,"18":27,"19":11,"20":27,"21":8,"22":22,"23":8},"f":{"0":30,"1":9,"2":15,"3":27,"4":27,"5":27,"6":22},"b":{"0":[1,8],"1":[27,13],"2":[27,22],"3":[11,16]}}
,"C:\\Users\\Eduardo Fernandes\\simulado-backend\\src\\domain\\desempenho.ts": {"path":"C:\\Users\\Eduardo Fernandes\\simulado-backend\\src\\domain\\desempenho.ts","statementMap":{"0":{"start":{"line":8,"column":0},"end":{"line":8,"column":16}},"1":{"start":{"line":1,"column":13},"end":{"line":1,"column":32}},"2":{"start":{"line":9,"column":2},"end":{"line":11,"column":3}},"3":{"start":{"line":10,"column":4},"end":{"line":10,"column":59}},"4":{"start":{"line":12,"column":2},"end":{"line":12,"column":51}}},"fnMap":{"0":{"name":"avaliarDesempenho","decl":{"start":{"line":8,"column":16},"end":{"line":8,"column":33}},"loc":{"start":{"line":8,"column":78},"end":{"line":13,"column":1}}}},"branchMap":{"0":{"loc":{"start":{"line":8,"column":48},"end":{"line":8,"column":78}},"type":"default-arg","locations":[{"start":{"line":8,"column":65},"end":{"line":8,"column":78}}]},"1":{"loc":{"start":{"line":9,"column":2},"end":{"line":11,"column":3}},"type":"if","locations":[{"start":{"line":9,"column":2},"end":{"line":11,"column":3}},{"start":{},"end":{}}]},"2":{"loc":{"start":{"line":9,"column":6},"end":{"line":9,"column":54}},"type":"binary-expr","locations":[{"start":{"line":9,"column":6},"end":{"line":9,"column":28}},{"start":{"line":9,"column":32},"end":{"line":9,"column":40}},{"start":{"line":9,"column":44},"end":{"line":9,"column":54}}]}},"s":{"0":2,"1":2,"2":12,"3":4,"4":8},"f":{"0":12},"b":{"0":[8],"1":[4,8],"2":[12,10,9]}}
,"C:\\Users\\Eduardo Fernandes\\simulado-backend\\src\\middleware\\auth.ts": {"path":"C:\\Users\\Eduardo Fernandes\\simulado-backend\\src\\middleware\\auth.ts","statementMap":{"0":{"start":{"line":20,"column":0},"end":{"line":20,"column":7}},"1":{"start":{"line":48,"column":0},"end":{"line":48,"column":16}},"2":{"start":{"line":3,"column":0},"end":{"line":3,"column":53}},"3":{"start":{"line":4,"column":0},"end":{"line":4,"column":35}},"4":{"start":{"line":5,"column":0},"end":{"line":5,"column":35}},"5":{"start":{"line":6,"column":0},"end":{"line":6,"column":35}},"6":{"start":{"line":16,"column":17},"end":{"line":18,"column":2}},"7":{"start":{"line":21,"column":20},"end":{"line":21,"column":51}},"8":{"start":{"line":22,"column":16},"end":{"line":22,"column":73}},"9":{"start":{"line":24,"column":2},"end":{"line":24,"column":56}},"10":{"start":{"line":24,"column":14},"end":{"line":24,"column":56}},"11":{"start":{"line":26,"column":26},"end":{"line":26,"column":60}},"12":{"start":{"line":27,"column":2},"end":{"line":27,"column":83}},"13":{"start":{"line":27,"column":27},"end":{"line":27,"column":83}},"14":{"start":{"line":29,"column":15},"end":{"line":29,"column":24}},"15":{"start":{"line":30,"column":14},"end":{"line":30,"column":75}},"16":{"start":{"line":32,"column":2},"end":{"line":42,"column":3}},"17":{"start":{"line":33,"column":22},"end":{"line":33,"column":72}},"18":{"start":{"line":34,"column":4},"end":{"line":34,"column":106}},"19":{"start":{"line":34,"column":35},"end":{"line":34,"column":106}},"20":{"start":{"line":35,"column":17},"end":{"line":35,"column":84}},"21":{"start":{"line":36,"column":4},"end":{"line":41,"column":5}},"22":{"start":{"line":37,"column":6},"end":{"line":37,"column":107}},"23":{"start":{"line":39,"column":6},"end":{"line":39,"column":76}},"24":{"start":{"line":40,"column":6},"end":{"line":40,"column":26}},"25":{"start":{"line":40,"column":18},"end":{"line":40,"column":26}},"26":{"start":{"line":44,"column":2},"end":{"line":44,"column":20}},"27":{"start":{"line":45,"column":2},"end":{"line":45,"column":9}},"28":{"start":{"line":49,"column":2},"end":{"line":49,"column":98}},"29":{"start":{"line":49,"column":40},"end":{"line":49,"column":98}},"30":{"start":{"line":50,"column":2},"end":{"line":50,"column":9}}},"fnMap":{"0":{"name":"requireAuth","decl":{"start":{"line":20,"column":22},"end":{"line":20,"column":33}},"loc":{"start":{"line":20,"column":82},"end":{"line":46,"column":1}}},"1":{"name":"exigirProfessor","decl":{"start":{"line":48,"column":16},"end":{"line":48,"column":31}},"loc":{"start":{"line":48,"column":80},"end":{"line":51,"column":1}}}},"branchMap":{"0":{"loc":{"start":{"line":21,"column":20},"end":{"line":21,"column":51}},"type":"binary-expr","locations":[{"start":{"line":21,"column":20},"end":{"line":21,"column":45}},{"start":{"line":21,"column":49},"end":{"line":21,"column":51}}]},"1":{"loc":{"start":{"line":22,"column":16},"end":{"line":22,"column":73}},"type":"cond-expr","locations":[{"start":{"line":22,"column":50},"end":{"line":22,"column":68}},{"start":{"line":22,"column":71},"end":{"line":22,"column":73}}]},"2":{"loc":{"start":{"line":24,"column":2},"end":{"line":24,"column":56}},"type":"if","locations":[{"start":{"line":24,"column":2},"end":{"line":24,"column":56}},{"start":{},"end":{}}]},"3":{"loc":{"start":{"line":27,"column":2},"end":{"line":27,"column":83}},"type":"if","locations":[{"start":{"line":27,"column":2},"end":{"line":27,"column":83}},{"start":{},"end":{}}]},"4":{"loc":{"start":{"line":27,"column":6},"end":{"line":27,"column":25}},"type":"binary-expr","locations":[{"start":{"line":27,"column":6},"end":{"line":27,"column":11}},{"start":{"line":27,"column":15},"end":{"line":27,"column":25}}]},"5":{"loc":{"start":{"line":32,"column":2},"end":{"line":42,"column":3}},"type":"if","locations":[{"start":{"line":32,"column":2},"end":{"line":42,"column":3}},{"start":{},"end":{}}]},"6":{"loc":{"start":{"line":33,"column":29},"end":{"line":33,"column":64}},"type":"binary-expr","locations":[{"start":{"line":33,"column":29},"end":{"line":33,"column":58}},{"start":{"line":33,"column":62},"end":{"line":33,"column":64}}]},"7":{"loc":{"start":{"line":34,"column":4},"end":{"line":34,"column":106}},"type":"if","locations":[{"start":{"line":34,"column":4},"end":{"line":34,"column":106}},{"start":{},"end":{}}]},"8":{"loc":{"start":{"line":34,"column":8},"end":{"line":34,"column":33}},"type":"binary-expr","locations":[{"start":{"line":34,"column":8},"end":{"line":34,"column":19}},{"start":{"line":34,"column":23},"end":{"line":34,"column":33}}]},"9":{"loc":{"start":{"line":35,"column":24},"end":{"line":35,"column":76}},"type":"binary-expr","locations":[{"start":{"line":35,"column":24},"end":{"line":35,"column":48}},{"start":{"line":35,"column":52},"end":{"line":35,"column":76}}]},"10":{"loc":{"start":{"line":40,"column":6},"end":{"line":40,"column":26}},"type":"if","locations":[{"start":{"line":40,"column":6},"end":{"line":40,"column":26}},{"start":{},"end":{}}]},"11":{"loc":{"start":{"line":49,"column":2},"end":{"line":49,"column":98}},"type":"if","locations":[{"start":{"line":49,"column":2},"end":{"line":49,"column":98}},{"start":{},"end":{}}]}},"s":{"0":0,"1":0,"2":0,"3":0,"4":0,"5":0,"6":0,"7":0,"8":0,"9":0,"10":0,"11":0,"12":0,"13":0,"14":0,"15":0,"16":0,"17":0,"18":0,"19":0,"20":0,"21":0,"22":0,"23":0,"24":0,"25":0,"26":0,"27":0,"28":0,"29":0,"30":0},"f":{"0":0,"1":0},"b":{"0":[0,0],"1":[0,0],"2":[0,0],"3":[0,0],"4":[0,0],"5":[0,0],"6":[0,0],"7":[0,0],"8":[0,0],"9":[0,0],"10":[0,0],"11":[0,0]}}
,"C:\\Users\\Eduardo Fernandes\\simulado-backend\\src\\middleware\\erros.ts": {"path":"C:\\Users\\Eduardo Fernandes\\simulado-backend\\src\\middleware\\erros.ts","statementMap":{"0":{"start":{"line":11,"column":0},"end":{"line":11,"column":16}},"1":{"start":{"line":2,"column":0},"end":{"line":2,"column":40}},"2":{"start":{"line":3,"column":0},"end":{"line":3,"column":31}},"3":{"start":{"line":7,"column":4},"end":{"line":7,"column":20}},"4":{"start":{"line":6,"column":30},"end":{"line":6,"column":44}},"5":{"start":{"line":5,"column":0},"end":{"line":5,"column":13}},"6":{"start":{"line":12,"column":2},"end":{"line":15,"column":3}},"7":{"start":{"line":13,"column":4},"end":{"line":13,"column":90}},"8":{"start":{"line":14,"column":4},"end":{"line":14,"column":11}},"9":{"start":{"line":16,"column":2},"end":{"line":19,"column":3}},"10":{"start":{"line":17,"column":4},"end":{"line":17,"column":53}},"11":{"start":{"line":18,"column":4},"end":{"line":18,"column":11}},"12":{"start":{"line":20,"column":2},"end":{"line":23,"column":3}},"13":{"start":{"line":21,"column":4},"end":{"line":21,"column":55}},"14":{"start":{"line":22,"column":4},"end":{"line":22,"column":11}},"15":{"start":{"line":24,"column":2},"end":{"line":27,"column":3}},"16":{"start":{"line":25,"column":4},"end":{"line":25,"column":96}},"17":{"start":{"line":25,"column":32},"end":{"line":25,"column":86}},"18":{"start":{"line":25,"column":87},"end":{"line":25,"column":94}},"19":{"start":{"line":26,"column":4},"end":{"line":26,"column":101}},"20":{"start":{"line":26,"column":32},"end":{"line":26,"column":91}},"21":{"start":{"line":26,"column":92},"end":{"line":26,"column":99}},"22":{"start":{"line":28,"column":2},"end":{"line":28,"column":21}},"23":{"start":{"line":29,"column":2},"end":{"line":29,"column":62}}},"fnMap":{"0":{"name":"(anonymous_0)","decl":{"start":{"line":6,"column":2},"end":{"line":6,"column":30}},"loc":{"start":{"line":6,"column":62},"end":{"line":8,"column":3}}},"1":{"name":"tratarErros","decl":{"start":{"line":11,"column":16},"end":{"line":11,"column":27}},"loc":{"start":{"line":11,"column":91},"end":{"line":30,"column":1}}}},"branchMap":{"0":{"loc":{"start":{"line":12,"column":2},"end":{"line":15,"column":3}},"type":"if","locations":[{"start":{"line":12,"column":2},"end":{"line":15,"column":3}},{"start":{},"end":{}}]},"1":{"loc":{"start":{"line":16,"column":2},"end":{"line":19,"column":3}},"type":"if","locations":[{"start":{"line":16,"column":2},"end":{"line":19,"column":3}},{"start":{},"end":{}}]},"2":{"loc":{"start":{"line":20,"column":2},"end":{"line":23,"column":3}},"type":"if","locations":[{"start":{"line":20,"column":2},"end":{"line":23,"column":3}},{"start":{},"end":{}}]},"3":{"loc":{"start":{"line":24,"column":2},"end":{"line":27,"column":3}},"type":"if","locations":[{"start":{"line":24,"column":2},"end":{"line":27,"column":3}},{"start":{},"end":{}}]},"4":{"loc":{"start":{"line":25,"column":4},"end":{"line":25,"column":96}},"type":"if","locations":[{"start":{"line":25,"column":4},"end":{"line":25,"column":96}},{"start":{},"end":{}}]},"5":{"loc":{"start":{"line":26,"column":4},"end":{"line":26,"column":101}},"type":"if","locations":[{"start":{"line":26,"column":4},"end":{"line":26,"column":101}},{"start":{},"end":{}}]}},"s":{"0":1,"1":1,"2":1,"3":3,"4":3,"5":1,"6":4,"7":1,"8":1,"9":3,"10":0,"11":0,"12":3,"13":3,"14":3,"15":0,"16":0,"17":0,"18":0,"19":0,"20":0,"21":0,"22":0,"23":0},"f":{"0":3,"1":4},"b":{"0":[1,3],"1":[0,3],"2":[3,0],"3":[0,0],"4":[0,0],"5":[0,0]}}
,"C:\\Users\\Eduardo Fernandes\\simulado-backend\\src\\routes\\monitoria.ts": {"path":"C:\\Users\\Eduardo Fernandes\\simulado-backend\\src\\routes\\monitoria.ts","statementMap":{"0":{"start":{"line":1,"column":0},"end":{"line":1,"column":33}},"1":{"start":{"line":2,"column":0},"end":{"line":2,"column":24}},"2":{"start":{"line":3,"column":0},"end":{"line":3,"column":40}},"3":{"start":{"line":4,"column":0},"end":{"line":4,"column":35}},"4":{"start":{"line":5,"column":0},"end":{"line":5,"column":66}},"5":{"start":{"line":7,"column":13},"end":{"line":7,"column":40}},"6":{"start":{"line":8,"column":0},"end":{"line":8,"column":50}},"7":{"start":{"line":10,"column":0},"end":{"line":31,"column":3}},"8":{"start":{"line":11,"column":17},"end":{"line":11,"column":93}},"9":{"start":{"line":12,"column":18},"end":{"line":19,"column":4}},"10":{"start":{"line":20,"column":2},"end":{"line":30,"column":4}},"11":{"start":{"line":21,"column":24},"end":{"line":29,"column":6}},"12":{"start":{"line":33,"column":0},"end":{"line":40,"column":3}},"13":{"start":{"line":34,"column":13},"end":{"line":34,"column":42}},"14":{"start":{"line":35,"column":17},"end":{"line":38,"column":4}},"15":{"start":{"line":39,"column":2},"end":{"line":39,"column":53}}},"fnMap":{"0":{"name":"(anonymous_0)","decl":{"start":{"line":10,"column":32},"end":{"line":10,"column":37}},"loc":{"start":{"line":10,"column":51},"end":{"line":31,"column":1}}},"1":{"name":"(anonymous_1)","decl":{"start":{"line":21,"column":16},"end":{"line":21,"column":17}},"loc":{"start":{"line":21,"column":24},"end":{"line":29,"column":6}}},"2":{"name":"(anonymous_2)","decl":{"start":{"line":33,"column":46},"end":{"line":33,"column":51}},"loc":{"start":{"line":33,"column":65},"end":{"line":40,"column":1}}}},"branchMap":{},"s":{"0":1,"1":1,"2":1,"3":1,"4":1,"5":1,"6":1,"7":1,"8":0,"9":0,"10":0,"11":0,"12":1,"13":0,"14":0,"15":0},"f":{"0":0,"1":0,"2":0},"b":{}}
,"C:\\Users\\Eduardo Fernandes\\simulado-backend\\src\\routes\\simulados.ts": {"path":"C:\\Users\\Eduardo Fernandes\\simulado-backend\\src\\routes\\simulados.ts","statementMap":{"0":{"start":{"line":1,"column":0},"end":{"line":1,"column":33}},"1":{"start":{"line":2,"column":0},"end":{"line":2,"column":40}},"2":{"start":{"line":3,"column":0},"end":{"line":3,"column":35}},"3":{"start":{"line":4,"column":0},"end":{"line":4,"column":49}},"4":{"start":{"line":5,"column":0},"end":{"line":5,"column":47}},"5":{"start":{"line":7,"column":13},"end":{"line":7,"column":40}},"6":{"start":{"line":8,"column":0},"end":{"line":8,"column":33}},"7":{"start":{"line":10,"column":0},"end":{"line":25,"column":3}},"8":{"start":{"line":11,"column":20},"end":{"line":15,"column":4}},"9":{"start":{"line":16,"column":2},"end":{"line":24,"column":4}},"10":{"start":{"line":17,"column":26},"end":{"line":23,"column":6}},"11":{"start":{"line":27,"column":0},"end":{"line":72,"column":3}},"12":{"start":{"line":28,"column":21},"end":{"line":28,"column":50}},"13":{"start":{"line":29,"column":16},"end":{"line":29,"column":26}},"14":{"start":{"line":31,"column":19},"end":{"line":46,"column":4}},"15":{"start":{"line":48,"column":2},"end":{"line":48,"column":69}},"16":{"start":{"line":48,"column":17},"end":{"line":48,"column":69}},"17":{"start":{"line":50,"column":18},"end":{"line":52,"column":4}},"18":{"start":{"line":54,"column":2},"end":{"line":58,"column":3}},"19":{"start":{"line":55,"column":4},"end":{"line":57,"column":7}},"20":{"start":{"line":60,"column":2},"end":{"line":71,"column":5}},"21":{"start":{"line":64,"column":45},"end":{"line":70,"column":6}},"22":{"start":{"line":69,"column":56},"end":{"line":69,"column":90}}},"fnMap":{"0":{"name":"(anonymous_0)","decl":{"start":{"line":10,"column":25},"end":{"line":10,"column":30}},"loc":{"start":{"line":10,"column":45},"end":{"line":25,"column":1}}},"1":{"name":"(anonymous_1)","decl":{"start":{"line":17,"column":18},"end":{"line":17,"column":19}},"loc":{"start":{"line":17,"column":26},"end":{"line":23,"column":6}}},"2":{"name":"(anonymous_2)","decl":{"start":{"line":27,"column":40},"end":{"line":27,"column":45}},"loc":{"start":{"line":27,"column":59},"end":{"line":72,"column":1}}},"3":{"name":"(anonymous_3)","decl":{"start":{"line":64,"column":36},"end":{"line":64,"column":37}},"loc":{"start":{"line":64,"column":45},"end":{"line":70,"column":6}}},"4":{"name":"(anonymous_4)","decl":{"start":{"line":69,"column":48},"end":{"line":69,"column":49}},"loc":{"start":{"line":69,"column":56},"end":{"line":69,"column":90}}}},"branchMap":{"0":{"loc":{"start":{"line":48,"column":2},"end":{"line":48,"column":69}},"type":"if","locations":[{"start":{"line":48,"column":2},"end":{"line":48,"column":69}},{"start":{},"end":{}}]},"1":{"loc":{"start":{"line":54,"column":2},"end":{"line":58,"column":3}},"type":"if","locations":[{"start":{"line":54,"column":2},"end":{"line":58,"column":3}},{"start":{},"end":{}}]}},"s":{"0":1,"1":1,"2":1,"3":1,"4":1,"5":1,"6":1,"7":1,"8":0,"9":0,"10":0,"11":1,"12":0,"13":0,"14":0,"15":0,"16":0,"17":0,"18":0,"19":0,"20":0,"21":0,"22":0},"f":{"0":0,"1":0,"2":0,"3":0,"4":0},"b":{"0":[0,0],"1":[0,0]}}
,"C:\\Users\\Eduardo Fernandes\\simulado-backend\\src\\routes\\tentativas.ts": {"path":"C:\\Users\\Eduardo Fernandes\\simulado-backend\\src\\routes\\tentativas.ts","statementMap":{"0":{"start":{"line":1,"column":0},"end":{"line":1,"column":33}},"1":{"start":{"line":2,"column":0},"end":{"line":2,"column":70}},"2":{"start":{"line":3,"column":0},"end":{"line":3,"column":35}},"3":{"start":{"line":4,"column":0},"end":{"line":4,"column":35}},"4":{"start":{"line":5,"column":0},"end":{"line":5,"column":49}},"5":{"start":{"line":6,"column":0},"end":{"line":6,"column":47}},"6":{"start":{"line":7,"column":0},"end":{"line":7,"column":46}},"7":{"start":{"line":8,"column":0},"end":{"line":8,"column":57}},"8":{"start":{"line":10,"column":22},"end":{"line":10,"column":28}},"9":{"start":{"line":12,"column":13},"end":{"line":12,"column":41}},"10":{"start":{"line":13,"column":0},"end":{"line":13,"column":34}},"11":{"start":{"line":15,"column":0},"end":{"line":30,"column":3}},"12":{"start":{"line":16,"column":21},"end":{"line":20,"column":4}},"13":{"start":{"line":21,"column":2},"end":{"line":29,"column":4}},"14":{"start":{"line":22,"column":27},"end":{"line":28,"column":6}},"15":{"start":{"line":32,"column":0},"end":{"line":93,"column":3}},"16":{"start":{"line":33,"column":13},"end":{"line":33,"column":42}},"17":{"start":{"line":34,"column":24},"end":{"line":34,"column":68}},"18":{"start":{"line":35,"column":16},"end":{"line":35,"column":26}},"19":{"start":{"line":37,"column":20},"end":{"line":37,"column":90}},"20":{"start":{"line":38,"column":2},"end":{"line":38,"column":71}},"21":{"start":{"line":38,"column":18},"end":{"line":38,"column":71}},"22":{"start":{"line":39,"column":2},"end":{"line":39,"column":95}},"23":{"start":{"line":39,"column":43},"end":{"line":39,"column":95}},"24":{"start":{"line":41,"column":2},"end":{"line":44,"column":3}},"25":{"start":{"line":42,"column":4},"end":{"line":42,"column":109}},"26":{"start":{"line":43,"column":4},"end":{"line":43,"column":48}},"27":{"start":{"line":46,"column":16},"end":{"line":49,"column":4}},"28":{"start":{"line":51,"column":19},"end":{"line":59,"column":4}},"29":{"start":{"line":52,"column":4},"end":{"line":52,"column":93}},"30":{"start":{"line":52,"column":29},"end":{"line":52,"column":93}},"31":{"start":{"line":53,"column":4},"end":{"line":58,"column":6}},"32":{"start":{"line":61,"column":20},"end":{"line":61,"column":49}},"33":{"start":{"line":62,"column":31},"end":{"line":62,"column":89}},"34":{"start":{"line":64,"column":2},"end":{"line":82,"column":5}},"35":{"start":{"line":65,"column":24},"end":{"line":68,"column":6}},"36":{"start":{"line":69,"column":4},"end":{"line":69,"column":85}},"37":{"start":{"line":69,"column":33},"end":{"line":69,"column":85}},"38":{"start":{"line":71,"column":4},"end":{"line":75,"column":7}},"39":{"start":{"line":73,"column":23},"end":{"line":73,"column":43}},"40":{"start":{"line":74,"column":21},"end":{"line":74,"column":120}},"41":{"start":{"line":77,"column":4},"end":{"line":81,"column":5}},"42":{"start":{"line":78,"column":6},"end":{"line":80,"column":9}},"43":{"start":{"line":84,"column":2},"end":{"line":92,"column":5}}},"fnMap":{"0":{"name":"(anonymous_0)","decl":{"start":{"line":15,"column":32},"end":{"line":15,"column":37}},"loc":{"start":{"line":15,"column":51},"end":{"line":30,"column":1}}},"1":{"name":"(anonymous_1)","decl":{"start":{"line":22,"column":19},"end":{"line":22,"column":20}},"loc":{"start":{"line":22,"column":27},"end":{"line":28,"column":6}}},"2":{"name":"(anonymous_2)","decl":{"start":{"line":32,"column":40},"end":{"line":32,"column":45}},"loc":{"start":{"line":32,"column":59},"end":{"line":93,"column":1}}},"3":{"name":"(anonymous_3)","decl":{"start":{"line":51,"column":29},"end":{"line":51,"column":30}},"loc":{"start":{"line":51,"column":35},"end":{"line":59,"column":3}}},"4":{"name":"(anonymous_4)","decl":{"start":{"line":64,"column":28},"end":{"line":64,"column":33}},"loc":{"start":{"line":64,"column":41},"end":{"line":82,"column":3}}},"5":{"name":"(anonymous_5)","decl":{"start":{"line":73,"column":16},"end":{"line":73,"column":17}},"loc":{"start":{"line":73,"column":23},"end":{"line":73,"column":43}}},"6":{"name":"(anonymous_6)","decl":{"start":{"line":74,"column":13},"end":{"line":74,"column":14}},"loc":{"start":{"line":74,"column":21},"end":{"line":74,"column":120}}}},"branchMap":{"0":{"loc":{"start":{"line":25,"column":12},"end":{"line":25,"column":51}},"type":"cond-expr","locations":[{"start":{"line":25,"column":30},"end":{"line":25,"column":34}},{"start":{"line":25,"column":37},"end":{"line":25,"column":51}}]},"1":{"loc":{"start":{"line":26,"column":20},"end":{"line":26,"column":57}},"type":"binary-expr","locations":[{"start":{"line":26,"column":20},"end":{"line":26,"column":49}},{"start":{"line":26,"column":53},"end":{"line":26,"column":57}}]},"2":{"loc":{"start":{"line":38,"column":2},"end":{"line":38,"column":71}},"type":"if","locations":[{"start":{"line":38,"column":2},"end":{"line":38,"column":71}},{"start":{},"end":{}}]},"3":{"loc":{"start":{"line":39,"column":2},"end":{"line":39,"column":95}},"type":"if","locations":[{"start":{"line":39,"column":2},"end":{"line":39,"column":95}},{"start":{},"end":{}}]},"4":{"loc":{"start":{"line":41,"column":2},"end":{"line":44,"column":3}},"type":"if","locations":[{"start":{"line":41,"column":2},"end":{"line":44,"column":3}},{"start":{},"end":{}}]},"5":{"loc":{"start":{"line":52,"column":4},"end":{"line":52,"column":93}},"type":"if","locations":[{"start":{"line":52,"column":4},"end":{"line":52,"column":93}},{"start":{},"end":{}}]},"6":{"loc":{"start":{"line":69,"column":4},"end":{"line":69,"column":85}},"type":"if","locations":[{"start":{"line":69,"column":4},"end":{"line":69,"column":85}},{"start":{},"end":{}}]},"7":{"loc":{"start":{"line":77,"column":4},"end":{"line":81,"column":5}},"type":"if","locations":[{"start":{"line":77,"column":4},"end":{"line":81,"column":5}},{"start":{},"end":{}}]}},"s":{"0":1,"1":1,"2":1,"3":1,"4":1,"5":1,"6":1,"7":1,"8":1,"9":1,"10":1,"11":1,"12":0,"13":0,"14":0,"15":1,"16":6,"17":6,"18":5,"19":5,"20":5,"21":1,"22":4,"23":1,"24":3,"25":1,"26":1,"27":2,"28":2,"29":4,"30":0,"31":4,"32":2,"33":2,"34":2,"35":2,"36":2,"37":0,"38":2,"39":4,"40":4,"41":2,"42":1,"43":2},"f":{"0":0,"1":0,"2":6,"3":4,"4":2,"5":4,"6":4},"b":{"0":[0,0],"1":[0,0],"2":[1,4],"3":[1,3],"4":[1,2],"5":[0,4],"6":[0,2],"7":[1,1]}}
}
