{"C:\\Users\\Eduardo Fernandes\\simulado-backend\\src\\domain\\correcao.ts": {"path":"C:\\Users\\Eduardo Fernandes\\simulado-backend\\src\\domain\\correcao.ts","statementMap":{"0":{"start":{"line":37,"column":0},"end":{"line":37,"column":16}},"1":{"start":{"line":35,"column":19},"end":{"line":35,"column":59}},"2":{"start":{"line":35,"column":34},"end":{"line":35,"column":59}},"3":{"start":{"line":38,"column":2},"end":{"line":38,"column":85}},"4":{"start":{"line":38,"column":29},"end":{"line":38,"column":85}},"5":{"start":{"line":40,"column":21},"end":{"line":41,"column":null}},"6":{"start":{"line":41,"column":43},"end":{"line":41,"column":92}},"7":{"start":{"line":44,"column":33},"end":{"line":47,"column":4}},"8":{"start":{"line":45,"column":22},"end":{"line":45,"column":57}},"9":{"start":{"line":46,"column":4},"end":{"line":46,"column":97}},"10":{"start":{"line":49,"column":18},"end":{"line":49,"column":55}},"11":{"start":{"line":49,"column":38},"end":{"line":49,"column":47}},"12":{"start":{"line":50,"column":16},"end":{"line":50,"column":31}},"13":{"start":{"line":52,"column":17},"end":{"line":52,"column":52}},"14":{"start":{"line":54,"column":2},"end":{"line":66,"column":5}},"15":{"start":{"line":55,"column":18},"end":{"line":55,"column":48}},"16":{"start":{"line":56,"column":18},"end":{"line":62,"column":6}},"17":{"start":{"line":63,"column":4},"end":{"line":63,"column":21}},"18":{"start":{"line":64,"column":4},"end":{"line":64,"column":47}},"19":{"start":{"line":64,"column":28},"end":{"line":64,"column":47}},"20":{"start":{"line":65,"column":4},"end":{"line":65,"column":29}},"21":{"start":{"line":68,"column":20},"end":{"line":71,"column":5}},"22":{"start":{"line":68,"column":53},"end":{"line":71,"column":4}},"23":{"start":{"line":73,"column":2},"end":{"line":73,"column":89}}},"fnMap":{"0":{"name":"(anonymous_0)","decl":{"start":{"line":35,"column":19},"end":{"line":35,"column":20}},"loc":{"start":{"line":35,"column":34},"end":{"line":35,"column":59}}},"1":{"name":"corrigir","decl":{"start":{"line":37,"column":16},"end":{"line":37,"column":24}},"loc":{"start":{"line":37,"column":77},"end":{"line":74,"column":1}}},"2":{"name":"(anonymous_2)","decl":{"start":{"line":41,"column":18},"end":{"line":41,"column":19}},"loc":{"start":{"line":41,"column":43},"end":{"line":41,"column":92}}},"3":{"name":"(anonymous_3)","decl":{"start":{"line":44,"column":46},"end":{"line":44,"column":47}},"loc":{"start":{"line":44,"column":52},"end":{"line":47,"column":3}}},"4":{"name":"(anonymous_4)","decl":{"start":{"line":49,"column":31},"end":{"line":49,"column":32}},"loc":{"start":{"line":49,"column":38},"end":{"line":49,"column":47}}},"5":{"name":"(anonymous_5)","decl":{"start":{"line":54,"column":19},"end":{"line":54,"column":20}},"loc":{"start":{"line":54,"column":30},"end":{"line":66,"column":3}}},"6":{"name":"(anonymous_6)","decl":{"start":{"line":68,"column":45},"end":{"line":68,"column":46}},"loc":{"start":{"line":68,"column":53},"end":{"line":71,"column":4}}}},"branchMap":{"0":{"loc":{"start":{"line":38,"column":2},"end":{"line":38,"column":85}},"type":"if","locations":[{"start":{"line":38,"column":2},"end":{"line":38,"column":85}},{"start":{},"end":{}}]},"1":{"loc":{"start":{"line":45,"column":22},"end":{"line":45,"column":57}},"type":"binary-expr","locations":[{"start":{"line":45,"column":22},"end":{"line":45,"column":49}},{"start":{"line":45,"column":53},"end":{"line":45,"column":57}}]},"2":{"loc":{"start":{"line":56,"column":18},"end":{"line":62,"column":6}},"type":"binary-expr","locations":[{"start":{"line":56,"column":18},"end":{"line":56,"column":35}},{"start":{"line":56,"column":39},"end":{"line":62,"column":6}}]},"3":{"loc":{"start":{"line":64,"column":4},"end":{"line":64,"column":47}},"type":"if","locations":[{"start":{"line":64,"column":4},"end":{"line":64,"column":47}},{"start":{},"end":{}}]}},"s":{"0":1,"1":1,"2":24,"3":7,"4":1,"5":6,"6":11,"7":6,"8":23,"9":23,"10":6,"11":23,"12":6,"13":6,"14":6,"15":23,"16":23,"17":23,"18":23,"19":8,"20":23,"21":6,"22":18,"23":6},"f":{"0":24,"1":7,"2":11,"3":23,"4":23,"5":23,"6":18},"b":{"0":[1,6],"1":[23,13],"2":[23,18],"3":[8,15]}}
,"C:\\Users\\Eduardo Fernandes\\simulado-backend\\src\\domain\\desempenho.ts": {"path":"C:\\Users\\Eduardo Fernandes\\simulado-backend\\src\\domain\\desempenho.ts","statementMap":{"0":{"start":{"line":8,"column":0},"end":{"line":8,"column":16}},"1":{"start":{"line":1,"column":13},"end":{"line":1,"column":32}},"2":{"start":{"line":9,"column":2},"end":{"line":11,"column":3}},"3":{"start":{"line":10,"column":4},"end":{"line":10,"column":59}},"4":{"start":{"line":12,"column":2},"end":{"line":12,"column":51}}},"fnMap":{"0":{"name":"avaliarDesempenho","decl":{"start":{"line":8,"column":16},"end":{"line":8,"column":33}},"loc":{"start":{"line":8,"column":78},"end":{"line":13,"column":1}}}},"branchMap":{"0":{"loc":{"start":{"line":8,"column":48},"end":{"line":8,"column":78}},"type":"default-arg","locations":[{"start":{"line":8,"column":65},"end":{"line":8,"column":78}}]},"1":{"loc":{"start":{"line":9,"column":2},"end":{"line":11,"column":3}},"type":"if","locations":[{"start":{"line":9,"column":2},"end":{"line":11,"column":3}},{"start":{},"end":{}}]},"2":{"loc":{"start":{"line":9,"column":6},"end":{"line":9,"column":54}},"type":"binary-expr","locations":[{"start":{"line":9,"column":6},"end":{"line":9,"column":28}},{"start":{"line":9,"column":32},"end":{"line":9,"column":40}},{"start":{"line":9,"column":44},"end":{"line":9,"column":54}}]}},"s":{"0":1,"1":1,"2":10,"3":4,"4":6},"f":{"0":10},"b":{"0":[8],"1":[4,6],"2":[10,8,7]}}
}
