TN:
SF:src\domain\correcao.ts
FN:35,(anonymous_0)
FN:37,corrigir
FN:41,(anonymous_2)
FN:44,(anonymous_3)
FN:49,(anonymous_4)
FN:54,(anonymous_5)
FN:68,(anonymous_6)
FNF:7
FNH:7
FNDA:24,(anonymous_0)
FNDA:7,corrigir
FNDA:11,(anonymous_2)
FNDA:23,(anonymous_3)
FNDA:23,(anonymous_4)
FNDA:23,(anonymous_5)
FNDA:18,(anonymous_6)
DA:35,24
DA:37,1
DA:38,7
DA:40,6
DA:41,11
DA:44,6
DA:45,23
DA:46,23
DA:49,23
DA:50,6
DA:52,6
DA:54,6
DA:55,23
DA:56,23
DA:63,23
DA:64,23
DA:65,23
DA:68,18
DA:73,6
LF:19
LH:19
BRDA:38,0,0,1
BRDA:38,0,1,6
BRDA:45,1,0,23
BRDA:45,1,1,13
BRDA:56,2,0,23
BRDA:56,2,1,18
BRDA:64,3,0,8
BRDA:64,3,1,15
BRF:8
BRH:8
end_of_record
TN:
SF:src\domain\desempenho.ts
FN:8,avaliarDesempenho
FNF:1
FNH:1
FNDA:10,avaliarDesempenho
DA:1,1
DA:8,1
DA:9,10
DA:10,4
DA:12,6
LF:5
LH:5
BRDA:8,0,0,8
BRDA:9,1,0,4
BRDA:9,1,1,6
BRDA:9,2,0,10
BRDA:9,2,1,8
BRDA:9,2,2,7
BRF:6
BRH:6
end_of_record
