TN:
SF:src\app.ts
FN:11,criarApp
FN:15,(anonymous_2)
FN:18,(anonymous_3)
FN:22,(anonymous_4)
FNF:4
FNH:2
FNDA:6,criarApp
FNDA:6,(anonymous_2)
FNDA:0,(anonymous_3)
FNDA:0,(anonymous_4)
DA:1,1
DA:2,1
DA:3,1
DA:4,1
DA:5,1
DA:6,1
DA:7,1
DA:8,1
DA:9,1
DA:11,1
DA:12,6
DA:14,6
DA:15,6
DA:16,6
DA:18,6
DA:19,0
DA:22,6
DA:23,0
DA:24,0
DA:27,6
DA:28,6
DA:29,6
DA:31,6
DA:32,6
LF:24
LH:21
BRF:0
BRH:0
end_of_record
TN:
SF:src\contracts.ts
FNF:0
FNH:0
DA:1,1
DA:3,1
DA:4,1
DA:6,1
DA:14,1
DA:21,1
DA:23,1
DA:31,1
DA:38,1
DA:42,1
DA:50,1
DA:60,1
DA:67,1
DA:69,1
DA:78,1
LF:15
LH:15
BRF:0
BRH:0
end_of_record
TN:
SF:src\domain\correcao.ts
FN:35,(anonymous_0)
FN:37,corrigir
FN:41,(anonymous_2)
FN:44,(anonymous_3)
FN:49,(anonymous_4)
FN:54,(anonymous_5)
FN:68,(anonymous_6)
FNF:7
FNH:7
FNDA:30,(anonymous_0)
FNDA:9,corrigir
FNDA:15,(anonymous_2)
FNDA:27,(anonymous_3)
FNDA:27,(anonymous_4)
FNDA:27,(anonymous_5)
FNDA:22,(anonymous_6)
DA:35,30
DA:37,2
DA:38,9
DA:40,8
DA:41,15
DA:44,8
DA:45,27
DA:46,27
DA:49,27
DA:50,8
DA:52,8
DA:54,8
DA:55,27
DA:56,27
DA:63,27
DA:64,27
DA:65,27
DA:68,22
DA:73,8
LF:19
LH:19
BRDA:38,0,0,1
BRDA:38,0,1,8
BRDA:45,1,0,27
BRDA:45,1,1,13
BRDA:56,2,0,27
BRDA:56,2,1,22
BRDA:64,3,0,11
BRDA:64,3,1,16
BRF:8
BRH:8
end_of_record
TN:
SF:src\domain\desempenho.ts
FN:8,avaliarDesempenho
FNF:1
FNH:1
FNDA:12,avaliarDesempenho
DA:1,2
DA:8,2
DA:9,12
DA:10,4
DA:12,8
LF:5
LH:5
BRDA:8,0,0,8
BRDA:9,1,0,4
BRDA:9,1,1,8
BRDA:9,2,0,12
BRDA:9,2,1,10
BRDA:9,2,2,9
BRF:6
BRH:6
end_of_record
TN:
SF:src\middleware\auth.ts
FN:20,requireAuth
FN:48,exigirProfessor
FNF:2
FNH:0
FNDA:0,requireAuth
FNDA:0,exigirProfessor
DA:3,0
DA:4,0
DA:5,0
DA:6,0
DA:16,0
DA:20,0
DA:21,0
DA:22,0
DA:24,0
DA:26,0
DA:27,0
DA:29,0
DA:30,0
DA:32,0
DA:33,0
DA:34,0
DA:35,0
DA:36,0
DA:37,0
DA:39,0
DA:40,0
DA:44,0
DA:45,0
DA:48,0
DA:49,0
DA:50,0
LF:26
LH:0
BRDA:21,0,0,0
BRDA:21,0,1,0
BRDA:22,1,0,0
BRDA:22,1,1,0
BRDA:24,2,0,0
BRDA:24,2,1,0
BRDA:27,3,0,0
BRDA:27,3,1,0
BRDA:27,4,0,0
BRDA:27,4,1,0
BRDA:32,5,0,0
BRDA:32,5,1,0
BRDA:33,6,0,0
BRDA:33,6,1,0
BRDA:34,7,0,0
BRDA:34,7,1,0
BRDA:34,8,0,0
BRDA:34,8,1,0
BRDA:35,9,0,0
BRDA:35,9,1,0
BRDA:40,10,0,0
BRDA:40,10,1,0
BRDA:49,11,0,0
BRDA:49,11,1,0
BRF:24
BRH:0
end_of_record
TN:
SF:src\middleware\erros.ts
FN:6,(anonymous_0)
FN:11,tratarErros
FNF:2
FNH:2
FNDA:3,(anonymous_0)
FNDA:4,tratarErros
DA:2,1
DA:3,1
DA:5,1
DA:6,3
DA:7,3
DA:11,1
DA:12,4
DA:13,1
DA:14,1
DA:16,3
DA:17,0
DA:18,0
DA:20,3
DA:21,3
DA:22,3
DA:24,0
DA:25,0
DA:26,0
DA:28,0
DA:29,0
LF:20
LH:13
BRDA:12,0,0,1
BRDA:12,0,1,3
BRDA:16,1,0,0
BRDA:16,1,1,3
BRDA:20,2,0,3
BRDA:20,2,1,0
BRDA:24,3,0,0
BRDA:24,3,1,0
BRDA:25,4,0,0
BRDA:25,4,1,0
BRDA:26,5,0,0
BRDA:26,5,1,0
BRF:12
BRH:4
end_of_record
TN:
SF:src\routes\monitoria.ts
FN:10,(anonymous_0)
FN:21,(anonymous_1)
FN:33,(anonymous_2)
FNF:3
FNH:0
FNDA:0,(anonymous_0)
FNDA:0,(anonymous_1)
FNDA:0,(anonymous_2)
DA:1,1
DA:2,1
DA:3,1
DA:4,1
DA:5,1
DA:7,1
DA:8,1
DA:10,1
DA:11,0
DA:12,0
DA:20,0
DA:21,0
DA:33,1
DA:34,0
DA:35,0
DA:39,0
LF:16
LH:9
BRF:0
BRH:0
end_of_record
TN:
SF:src\routes\simulados.ts
FN:10,(anonymous_0)
FN:17,(anonymous_1)
FN:27,(anonymous_2)
FN:64,(anonymous_3)
FN:69,(anonymous_4)
FNF:5
FNH:0
FNDA:0,(anonymous_0)
FNDA:0,(anonymous_1)
FNDA:0,(anonymous_2)
FNDA:0,(anonymous_3)
FNDA:0,(anonymous_4)
DA:1,1
DA:2,1
DA:3,1
DA:4,1
DA:5,1
DA:7,1
DA:8,1
DA:10,1
DA:11,0
DA:16,0
DA:17,0
DA:27,1
DA:28,0
DA:29,0
DA:31,0
DA:48,0
DA:50,0
DA:54,0
DA:55,0
DA:60,0
DA:64,0
DA:69,0
LF:22
LH:9
BRDA:48,0,0,0
BRDA:48,0,1,0
BRDA:54,1,0,0
BRDA:54,1,1,0
BRF:4
BRH:0
end_of_record
TN:
SF:src\routes\tentativas.ts
FN:15,(anonymous_0)
FN:22,(anonymous_1)
FN:32,(anonymous_2)
FN:51,(anonymous_3)
FN:64,(anonymous_4)
FN:73,(anonymous_5)
FN:74,(anonymous_6)
FNF:7
FNH:5
FNDA:0,(anonymous_0)
FNDA:0,(anonymous_1)
FNDA:6,(anonymous_2)
FNDA:4,(anonymous_3)
FNDA:2,(anonymous_4)
FNDA:4,(anonymous_5)
FNDA:4,(anonymous_6)
DA:1,1
DA:2,1
DA:3,1
DA:4,1
DA:5,1
DA:6,1
DA:7,1
DA:8,1
DA:10,1
DA:12,1
DA:13,1
DA:15,1
DA:16,0
DA:21,0
DA:22,0
DA:32,1
DA:33,6
DA:34,6
DA:35,5
DA:37,5
DA:38,5
DA:39,4
DA:41,3
DA:42,1
DA:43,1
DA:46,2
DA:51,2
DA:52,4
DA:53,4
DA:61,2
DA:62,2
DA:64,2
DA:65,2
DA:69,2
DA:71,2
DA:73,4
DA:74,4
DA:77,2
DA:78,1
DA:84,2
LF:40
LH:37
BRDA:25,0,0,0
BRDA:25,0,1,0
BRDA:26,1,0,0
BRDA:26,1,1,0
BRDA:38,2,0,1
BRDA:38,2,1,4
BRDA:39,3,0,1
BRDA:39,3,1,3
BRDA:41,4,0,1
BRDA:41,4,1,2
BRDA:52,5,0,0
BRDA:52,5,1,4
BRDA:69,6,0,0
BRDA:69,6,1,2
BRDA:77,7,0,1
BRDA:77,7,1,1
BRF:16
BRH:10
end_of_record
